

info: 08-07-2023 15:58:46: 	27d0dff7-4221-470d-8235-fe96bbb74bfd GET undefined /dskfhksjfks
error: 08-07-2023 15:58:46: 	ReferenceError _dirname is not defined
info: 08-07-2023 15:58:59: 	70ccea79-665b-4bd6-a7c8-30c6621cd75e GET undefined /dskfhksjfks
error: 08-07-2023 15:58:59: 	ReferenceError _dirname is not defined
info: 08-07-2023 16:06:16: 	ae1e75f0-ba35-4dd6-93d1-72a7d3853a98 GET undefined /dskfhksjfks
info: 08-07-2023 16:06:31: 	b3390392-88d0-4624-9f2f-9250872ea0c8 GET undefined /
info: 08-07-2023 16:18:11: 	c088f172-f971-4628-bc0f-d11e678f43b3 GET undefined /employees
info: 08-07-2023 16:18:19: 	38ef7dbc-9c94-4b0b-b702-9b0b397ab52d POST undefined /employees
info: 08-07-2023 16:18:24: 	8f519bd0-aa34-445e-bf14-0a899b9f22bb GET undefined /employees
info: 08-07-2023 16:30:08: 	1494b2e0-7a9f-4630-90b5-bad55d51d2df GET undefined /
info: 08-07-2023 16:30:08: 	1661dc3e-f89e-44a1-9107-7971f898de2d GET undefined /favicon.ico
info: 08-07-2023 16:30:12: 	7f8659b8-e864-4513-894d-2037051c929f GET undefined /employees
info: 08-07-2023 16:33:26: 	b5d0ac2c-daed-4ea0-a69a-61fc13e11831 GET undefined /employees
info: 08-07-2023 16:33:45: 	440e0794-d53e-42df-8a59-a5e15366ca3e GET undefined /employees
info: 08-07-2023 16:39:52: 	bf798580-b8a0-4bbb-8c5c-7c6e027470fa GET undefined /employees
info: 08-07-2023 16:40:34: 	ee4d10fb-251a-4668-8258-838663d1bdea GET undefined /employees
info: 08-07-2023 16:48:20: 	1ce33cc1-298c-436c-a9e2-eb5ec9365454 POST undefined /employees
info: 08-07-2023 16:58:18: 	e9314ba8-ffdb-49fc-92ba-190545d5e2cd POST undefined /employees
info: 08-07-2023 16:58:36: 	c34d6c2d-3bd9-4387-8944-120f7b33f6ca POST undefined /employees
info: 08-07-2023 17:03:39: 	bd9955b2-ac70-46e8-942e-494febc5c692 GET undefined /employees
info: 08-07-2023 17:03:44: 	0c01aa06-e051-4a56-b263-cad80be54ecc POST undefined /employees
info: 08-07-2023 17:03:46: 	c064f46f-06db-4455-847f-061865d93c46 GET undefined /employees
info: 08-07-2023 17:04:03: 	05003a93-643a-4e53-b1bc-7dc36f526307 POST undefined /employees
info: 08-07-2023 17:04:08: 	9ffe6879-a234-44bd-84af-bc9422812b7b GET undefined /employees
info: 08-07-2023 17:04:29: 	42292456-9e6b-4d67-a871-29820fd0cb09 GET undefined /employees
info: 08-07-2023 17:12:06: 	b85accbb-b8c3-4c75-903f-de00ef79f5c1 POST undefined /employees
info: 08-07-2023 17:12:19: 	1a6e8d98-5671-408b-ac5a-e609aec16e2e POST undefined /employees
info: 08-07-2023 17:13:35: 	19fd1e6f-fba4-4da5-a417-11fc0d79a080 POST undefined /employees
info: 08-07-2023 17:15:42: 	77b10cc1-5856-46c3-9623-a05ebaa3a921 POST undefined /employees
info: 08-07-2023 17:15:55: 	4df42760-fe75-4efa-9cf7-a7d0116cc529 POST undefined /employees
info: 08-07-2023 17:28:57: 	eb2cbf31-4dc6-4f6d-90e6-e202b9240189 POST undefined /employees
error: 08-07-2023 17:28:57: 	TypeError The "cb" argument must be of type function. Received undefined
info: 08-07-2023 17:29:17: 	e9c58150-cfb7-4dd4-a8f2-6bd1f745d458 POST undefined /employees
error: 08-07-2023 17:29:17: 	TypeError The "data" argument must be of type string or an instance of Buffer, TypedArray, or DataView. Received an instance of Object
info: 08-07-2023 17:29:38: 	afc0d2b2-3d68-4d33-b95b-bad4d8dae6b8 POST undefined /employees
error: 08-07-2023 17:29:38: 	TypeError The "data" argument must be of type string or an instance of Buffer, TypedArray, or DataView. Received an instance of Object
info: 08-07-2023 17:29:54: 	9045874f-b82a-4758-8f72-ca1e89dd49fa POST undefined /employees
error: 08-07-2023 17:29:54: 	SyntaxError Unexpected token o in JSON at position 1
info: 08-07-2023 17:38:03: 	ad746b71-30be-4ee7-bbc1-4e6a1fca575c POST undefined /employees
info: 08-07-2023 18:18:17: 	28a5db57-5989-4639-a0b6-646d3d860cd0 POST undefined /employees
info: 08-07-2023 18:18:31: 	507faf5f-7b9b-4c90-849b-d4ebe1f03552 POST undefined /employees
info: 08-07-2023 18:24:35: 	011f98a5-80ff-4b3f-a835-742e06b79b06 POST undefined /employees
info: 08-07-2023 18:25:03: 	d799a8ae-63cf-4084-b7a8-eb1226390879 POST undefined /employees
info: 08-07-2023 18:27:47: 	c1551ca3-0a11-47c3-a2e8-df13ab22b92c POST undefined /employees
error: 08-07-2023 18:27:47: 	ReferenceError empa is not defined
info: 08-07-2023 18:28:26: 	4f4ca6f3-f3c2-4548-bb02-94be0b112b9a POST undefined /employees
info: 08-07-2023 18:31:47: 	f107d608-7970-4f39-89cf-42201a6b4afd POST undefined /employees
info: 08-07-2023 18:39:29: 	8b648d7f-f631-46cd-9b7f-12e7c6176e26 PUT undefined /employees
info: 08-07-2023 18:40:06: 	cb842ede-d90d-4abb-a82f-0b5ed71bd86d PUT undefined /employees
info: 08-07-2023 18:57:15: 	a4ddedd9-4e99-4fe2-97c9-9605f1c2d603 PUT undefined /employees
info: 08-07-2023 18:57:27: 	6f3a2300-9515-49bb-802d-5e80f6c33c10 PUT undefined /employees
info: 08-07-2023 18:57:39: 	95a46bd2-6f35-45af-aa68-dbcab8d57d87 PUT undefined /employees
info: 08-07-2023 19:09:39: 	efa685e0-b641-4258-aea1-101676acc42e POST undefined /employees
info: 08-07-2023 19:10:00: 	789b740b-41b0-4e5c-971b-adee4367c949 POST undefined /employees
info: 08-07-2023 19:10:08: 	0312f803-eeeb-4598-9566-8a27b255c647 POST undefined /employees
info: 08-07-2023 19:10:54: 	55eeec37-2a25-44cc-8ca4-7581d03a36f5 POST undefined /employees
error: 08-07-2023 19:10:54: 	SyntaxError Unexpected token o in JSON at position 1
info: 08-07-2023 19:11:36: 	b1c107e7-0c4c-4fb0-b979-f92bc3707a06 POST undefined /employees
info: 08-07-2023 19:11:44: 	a5527198-56b6-4717-b35b-363349c6594e POST undefined /employees
info: 08-08-2023 10:48:35: 	4a72f5e3-95c7-4957-9c9e-b4589155a9cf POST undefined /employees
info: 08-08-2023 11:02:34: 	cd173170-884f-4c0d-8aa6-20b4f3e62123 GET undefined /employees
info: 08-08-2023 11:04:37: 	8125a104-e82f-4d4f-bffd-945917a9c6a7 GET undefined /employees
info: 08-08-2023 11:04:51: 	ac714db9-eeb9-4c9c-90a3-984265ee1e71 GET undefined /employees
info: 08-08-2023 11:05:20: 	42ede612-7ca4-41ac-a2f1-bf8d2378c963 GET undefined /employees
info: 08-08-2023 11:06:06: 	07d2f923-5332-4d34-9fae-9b587a275ea8 DELETE undefined /employees
info: 08-08-2023 11:10:56: 	78b48a09-24bf-49d2-a3ca-0c6a4bd28c75 GET undefined /employees/bc4fef26-602b-47a1-be06-15d3fe0f376c
info: 08-08-2023 11:15:18: 	25383868-44e7-403c-bd01-3fc5423f96f8 GET undefined /employees/bc4fef26-602b-47a1-be06-15d3fe0f376c
info: 08-08-2023 11:15:31: 	2838e85b-2b4b-47a1-a2cf-63a11da5d71a GET undefined /employees/bc4fef26-602b-47a1-be06-15d3fe0f376c
info: 08-08-2023 11:15:39: 	ddead950-9473-403e-ac2c-298e084fd350 GET undefined /employees/ashdkashd-skjafjasf
info: 08-08-2023 11:16:03: 	245fc8ef-6288-46f6-9f31-1b9a36b5d4d8 GET undefined /employees/ashdkashd-skjafjasf
info: 08-08-2023 11:16:17: 	e32a5c47-c858-4287-bb60-f4eed71e4148 GET undefined /employees/ashdkashd-skjafjasf
info: 08-08-2023 11:17:45: 	f68f49cd-523b-444a-acb4-38d71f38534a GET undefined /employees/ashdkashd-skjafjasf
info: 08-08-2023 11:18:08: 	6f864216-0e24-4237-a7aa-6215a2d28b77 GET undefined /employees/bc4fef26-602b-47a1-be06-15d3fe0f376c
info: 08-08-2023 11:30:30: 	d2082b43-5802-4c05-a8c5-d5c9902203ca POST undefined /employees
info: 08-08-2023 11:30:52: 	88eb69c9-58b6-49fe-bb6f-14050a6698ef DELETE undefined /employees/666814b5-0c8a-4659-8e1d-931cf8e4527b
info: 08-08-2023 11:31:43: 	b4c510e2-d53e-4d86-a969-1488713ad79b DELETE undefined /employees/666814b5-0c8a-4659-8e1d-931cf8e4527b
info: 08-08-2023 11:32:03: 	a5479bc0-c753-4cfe-862e-71fd16528f82 DELETE undefined /employees/666814b5-0c8a-4659-8e1d-931cf8e4527b
info: 08-08-2023 11:33:04: 	d41960ea-5b7e-4b7e-b631-9970091f5761 DELETE undefined /employees/666814b5-0c8a-4659-8e1d-931cf8e4527b
info: 08-08-2023 11:33:46: 	db97f1f3-997c-4d4f-8301-3ed09827eae9 DELETE undefined /employees/666814b5-0c8a-4659-8e1d-931cf8e4527b
info: 08-08-2023 11:34:42: 	dbddeebf-eb95-4c24-bc32-6663563844b1 DELETE undefined /employees/666814b5-0c8a-4659-8e1d-931cf8e4527b
info: 08-08-2023 11:39:15: 	49d810a4-bb1b-49e5-ad94-58a2ed23712d DELETE undefined /employees/666814b5-0c8a-4659-8e1d-931cf8e4527b
info: 08-08-2023 11:39:31: 	58060115-59e9-4392-9c3c-ef9c8b711b3c DELETE undefined /employees/666814b5-0c8a-4659-8e1d-931cf8e4527b
info: 08-08-2023 11:39:55: 	5b2981c4-13a7-4f39-a380-2b4477af63ab DELETE undefined /employees/666814b5-0c8a-4659-8e1d-931cf8e4527b
info: 08-08-2023 12:00:44: 	59fffb28-2681-4d76-8fce-36d7420f101e GET undefined /employees?search=sdkfhksj
info: 08-08-2023 12:01:24: 	6aa18ae4-30c2-47d4-bcf0-1b44a3c7fbdc GET undefined /employees?search=bc4fef26-602b-47a1-be06-15d3fe0f376c
info: 08-08-2023 12:03:29: 	fe81deb9-ce39-4945-b8a2-46b08002355a GET undefined /employees/search?query=bc4fef26-602b-47a1-be06-15d3fe0f376c
info: 08-08-2023 12:04:28: 	f3260b7d-fa8f-43bf-a364-c7822d830b71 GET undefined /employees?search=bc4fef26-602b-47a1-be06-15d3fe0f376c
info: 08-08-2023 12:08:32: 	32684e05-18db-43df-8d80-25011e070a06 PUT undefined /employees
info: 08-08-2023 12:09:20: 	c5b53b85-242c-475b-9b33-49011cfdb2ac PUT undefined /employees
info: 08-08-2023 12:12:07: 	b18b9a0d-ed64-42e5-be3a-6e892487e401 GET undefined /employees?search=bc4fef26-602b-47a1-be06-15d3fe0f376c
info: 08-08-2023 12:13:05: 	87950cb5-d813-4afa-86f5-7aa906a457d5 GET undefined /employees?search=bc4fef26-602b-47a1-be06-15d3fe0f376c
error: 08-08-2023 12:13:05: 	Error Cannot set headers after they are sent to the client
info: 08-08-2023 12:14:41: 	d5881056-4532-40fa-85fd-88e9e16e5237 GET undefined /employees?search=bc4fef26-602b-47a1-be06-15d3fe0f376c
info: 08-08-2023 12:14:49: 	217918ba-2146-4416-9f98-c52a422721c2 GET undefined /employees
info: 08-08-2023 12:14:52: 	d6649161-d02a-4809-9b2f-ce4217197a26 GET undefined /employees
info: 08-08-2023 12:15:35: 	fbff8462-2bc3-4b06-b572-d1f9b33c6206 GET undefined /employees
info: 08-08-2023 12:17:26: 	96058dcd-48be-467e-be6d-6bbc303f3381 GET undefined /employees/c0d79e36-7c5e-43d3-b901-f46ccbe9308a
info: 08-08-2023 12:18:37: 	4dac0f6d-9769-4ab6-993f-2038330ecc40 GET undefined /employees/c0d79e36-7c5e-43d3-b901-f46ccbe9308a
info: 08-08-2023 12:19:15: 	b98b9ed8-ed76-44eb-8c4a-f7b6d037b1f2 GET undefined /employees?search=c0d79e36-7c5e-43d3-b901-f46ccbe9308a
info: 08-08-2023 12:21:25: 	9f4996fa-546e-44c2-8c45-ca69c5bbac5d GET undefined /employees?search=c0d79e36-7c5e-43d3-b901-f46ccbe9308a&q=sdjfgkjs
info: 08-08-2023 12:35:49: 	2192e38c-6b17-4608-b712-e4294f866303 GET undefined /employees/c0d79e36-7c5e-43d3-b901-f46ccbe9308a
info: 08-08-2023 12:39:50: 	332846be-e38b-468e-b675-411278196ec7 GET undefined /employees/c0d79e36-7c5e-43d3-b901-f46ccbe9308a
info: 08-08-2023 12:39:54: 	59558bbd-b9fe-489c-ab82-fd429bbd93f5 GET undefined /employees/c0d79e36-7c5e-43d3-b901-f46ccbe9308aa
info: 08-08-2023 12:42:25: 	ee656919-aa44-4244-94de-aa217aa8484d GET undefined /employees?search=c0d79e36-7c5e-43d3-b901-f46ccbe9308a
info: 08-08-2023 12:55:10: 	739c3dd1-8037-43ac-8367-2c24faf85d67 GET undefined /employees?search=c0d79e36-7c5e-43d3-b901-f46ccbe9308a
info: 08-08-2023 13:10:57: 	ed95dd51-50b5-4bf8-ae2a-72f52c865729 GET undefined /employees?search=c0d79e36-7c5e-43d3-b901-f46ccbe9308a
info: 08-08-2023 13:21:18: 	91134eff-2f28-47bb-9c83-d7c9cdade890 GET undefined /employees?search=c0d79e36-7c5e-43d3-b901-f46ccbe9308a
info: 08-08-2023 13:21:45: 	547b421b-04ef-4699-a7b2-a996e7f9befd GET undefined /employees?search=avesh
info: 08-08-2023 13:36:57: 	662814bb-f7bc-416d-8f59-b97158185484 GET undefined /employees?firstName=avesh
info: 08-08-2023 13:37:26: 	af3402f8-f3bc-4464-9d3f-30ddf07d7793 GET undefined /employees?firstName=avesh
info: 08-08-2023 13:42:04: 	d704f8a6-d7b3-4f6c-849c-cb9374182161 GET undefined /employees?firstName=avesh&lastName=user
info: 08-08-2023 13:45:18: 	1ba5fb4a-8a73-4faf-a74c-dce66da39b7c GET undefined /employees?firstName=avesh
info: 08-08-2023 13:45:44: 	7a0609cc-ebec-4798-b816-9cf49cdd4d47 GET undefined /employees?firstName=avesh
info: 08-08-2023 13:46:31: 	66710435-9937-42ca-9046-d5068850bdc6 POST undefined /employees
info: 08-08-2023 13:46:58: 	1f52881e-6b74-41cd-b0e9-dcf422b26dcb GET undefined /employees?firstName=avesh
info: 08-08-2023 13:48:45: 	c1d8b609-75e6-486e-a6dc-a6f96e83368e GET undefined /employees?firstName=avesh&lastName=user22
info: 08-08-2023 13:52:03: 	b6ba1c42-9246-432e-bf5f-16d5bf3257df GET undefined /employees?firstName=avesh&lastName=usdf
info: 08-08-2023 13:52:36: 	2df73ccb-e5cc-430b-8815-78b4be40e7d8 GET undefined /employees?firstName=avesh&id=bc4fef26-602b-47a1-be06-15d3fe0f376c
info: 08-08-2023 13:54:24: 	8a5a3a76-9ab4-4813-a03c-e60c8000e5e3 GET undefined /employees?firstName=avesh&id=bc4fef26-602b-47a1-be06-15d3fe0f376c
info: 08-08-2023 13:55:22: 	cc113f8b-5c21-49d7-8a79-4a85e9485d57 GET undefined /employees?firstName=avesh&id=bc4fef26-602b-47a1-be06-15d3fe0f376c
info: 08-08-2023 13:55:45: 	f0e90481-24a0-4d34-8da6-139e02aeeeb0 GET undefined /employees?firstName=avesh&lastName=user22
info: 08-08-2023 13:55:49: 	ecfa14e6-62d0-431f-a748-18bceb54a24e GET undefined /employees?firstName=avesh&lastName=user
info: 08-08-2023 14:36:05: 	254ed70e-7884-472e-963b-930c8f4f45d0 GET undefined /employees?firstName=avesh&lastName=user22
info: 08-08-2023 14:36:11: 	29233d3e-2edb-455b-80ca-bdf5020aae94 GET undefined /employees?firstName=avesh
info: 08-08-2023 14:36:26: 	8c1e8c9e-12c7-4319-9ae9-cf8a594fccda GET undefined /employees?firstName=avesh&yuk8ik=ynuyj
info: 08-08-2023 14:40:02: 	f92bda63-664c-443f-8966-0521f448db37 GET undefined /employees?firstName=avesh&yuk8ik=ynuyj
info: 08-08-2023 14:41:16: 	cafc1a2c-1e1f-48a7-a02c-03890511c6b6 GET undefined /employees?firstName=avesh&yuk8ik=ynuyj
info: 08-08-2023 14:42:23: 	1756e416-d22a-4e4a-a3dc-8d17ba151557 GET undefined /employees?firstName=avesh&yuk8ik=ynuyj
info: 08-08-2023 14:42:40: 	f0c82a3c-ce96-44d6-8179-1d9f1a9ad3ec GET undefined /employees?firstName=avesh&id=ynuyj
info: 08-08-2023 14:43:47: 	ede86751-5974-4b72-817b-08a66865043e GET undefined /employees?firstName=avesh&isdsfsd=ynuyj
info: 08-08-2023 14:45:00: 	81bbabe7-a0df-4f54-9be3-005cefb8aec0 GET undefined /employees?firstName=avesh&lastName=user22
info: 08-08-2023 14:45:13: 	36d0e30a-d13d-45df-9c14-daf4cae0cc3b GET undefined /employees?firstName=avesh&lastName=user22
info: 08-08-2023 14:48:50: 	f7644edf-6b80-4ffc-a17a-a8b9823355bd GET undefined /employees?firstName=avesh&lastName=user22
info: 08-08-2023 14:49:04: 	f877d56a-8d87-4a66-ab65-b08bae809c77 GET undefined /employees?firstName=avesh&lsadasd=sdfsdf
info: 08-08-2023 14:56:12: 	f69b8222-3122-49d5-ad9a-386160a38457 GET undefined /employees?firstName=avesh&lsadasd=sdfsdf
info: 08-08-2023 14:56:28: 	139916a8-04e0-4ee4-a76c-f085893ffcfa GET undefined /employees?firstName=avesh&lastName=user22
info: 08-08-2023 14:58:31: 	93661c37-5547-429b-b6f0-e0cf63b92b20 GET undefined /employees?firstName=avesh&lastName=user22
info: 08-08-2023 14:58:43: 	5c468bd6-f2d5-4495-9565-47c2ea1de2b9 GET undefined /employees?firstName=avesh&lastName=user
info: 08-08-2023 14:59:51: 	7a7ba287-c849-4b3d-abcf-3dd4c1210712 GET undefined /employees?firstName=avesh&lastName=user22
info: 08-08-2023 15:00:19: 	a8cc9523-aeb0-4ea4-803e-80b99a4d1a21 GET undefined /employees?firstName=avesh&lastName=user22
info: 08-08-2023 15:02:12: 	c91e64b0-3026-4652-8b02-3c1b4bea4d5e GET undefined /employees?firstName=avesh&lastName=user22
info: 08-08-2023 15:02:19: 	39fc9085-9810-4ad7-8f86-aca3bf9a5d3f GET undefined /employees?firstName=avesh&lastName=user
info: 08-08-2023 15:02:27: 	098c3607-3ba3-41ec-8be9-59ae476f19be GET undefined /employees?firstName=avesh&sdfs=usesdfsr
info: 08-08-2023 15:02:46: 	49e8c239-7916-472d-9b82-517438f93402 GET undefined /employees?firstName=avessdh&sdfs=usesdfsr
info: 08-08-2023 15:03:09: 	618a15dc-ed96-4a70-966d-120377c81594 GET undefined /employees?firstName=avesh&sdfs=usesdfsr
info: 08-08-2023 15:03:18: 	fa581ef7-e553-485c-a19a-c8d8c43e6dbe GET undefined /employees?firstName=avesh&lastName=usesdfsr
info: 08-08-2023 15:10:11: 	385ef332-ae30-405c-aa9e-f6347079554a GET undefined /employees?firstName=avesh&lastName=usesdfsr
info: 08-08-2023 15:10:13: 	ba48709a-79be-40a7-84fb-7d9b63720d03 GET undefined /employees?firstName=avesh&lastName=usesdfsr
info: 08-08-2023 15:10:14: 	0115382b-6c32-480d-8b8a-6ca510de1b8f GET undefined /employees?firstName=avesh&lastName=usesdfsr
info: 08-08-2023 15:10:15: 	ff769875-d0bf-4ca4-b744-0cf0eb38f887 GET undefined /employees?firstName=avesh&lastName=usesdfsr
info: 08-08-2023 15:10:16: 	1b514235-f485-4c7e-ace1-ca425fce8f65 GET undefined /employees?firstName=avesh&lastName=usesdfsr
info: 08-08-2023 15:10:52: 	fb818165-706a-4e2b-80b8-422ab5eb3e67 GET undefined /employees?firstName=avesh&lastName=usesdfsr
info: 08-08-2023 15:10:53: 	4d7bafc7-1c02-4d21-9cc7-de8777bead38 GET undefined /employees?firstName=avesh&lastName=usesdfsr
info: 08-08-2023 15:11:11: 	9cc61730-a69f-4d3b-b9c0-4e0756471481 GET undefined /employees?firstName=avesh&lastName=user22
info: 08-08-2023 15:11:16: 	b281bc33-0e98-4ae7-ac0f-7405c36d5dba GET undefined /employees?firstName=avesh&lastName=sadsf
info: 08-08-2023 15:12:15: 	781463d5-fd20-408f-a4d9-2f0a6c69e7a9 GET undefined /employees?firstName=avesh&lastName=sadsf
info: 08-08-2023 15:12:25: 	d467ceb4-d7b5-4d20-9960-54865b8fc1d6 GET undefined /employees?firstName=avesh&asdasd=sadsf
info: 08-08-2023 15:25:20: 	99c2312b-6ac1-4d1f-815d-8993c5b7ac12 GET undefined /employees?firstName=avesh&asdasd=sadsf
info: 08-08-2023 15:26:04: 	17828fe4-692e-4e0b-b687-786380966f4f GET undefined /employees?firstName=avesh&asdasd=sadsf
info: 08-08-2023 15:26:08: 	36c3306a-7e78-4589-b32f-1af5ff37c4df GET undefined /employees?firstName=avesh&asdasd=sadsf
info: 08-08-2023 15:26:15: 	1efc5a52-d807-48cd-93ed-01a70a51fa94 GET undefined /employees?firstName=avesh&lastName=sadsf
info: 08-08-2023 15:26:22: 	212363a1-afc4-442a-9041-5ff8a618fb40 GET undefined /employees?firstName=avesh&lastName=sadsf
info: 08-08-2023 15:26:37: 	5c7f0ee4-3ab2-458d-b507-d7f82ef89114 GET undefined /employees?firstName=avesh&lastName=sadsf
info: 08-08-2023 15:26:38: 	04b7f514-0374-420c-ad99-2581bb64cccf GET undefined /employees?firstName=avesh&lastName=sadsf
info: 08-08-2023 15:26:56: 	35e1f442-52b5-4f2b-8fc4-fe82f6cdb632 GET undefined /employees?firstName=avesh&lastName=user22
info: 08-08-2023 15:27:04: 	fb778afb-71de-4c96-acd0-f4340f3b9381 GET undefined /employees?firstName=avesh&lastName=user
info: 08-08-2023 15:27:10: 	374f5717-8270-4fbf-a4a2-f16a6c030366 GET undefined /employees?firstName=avesh&lastName=
info: 08-08-2023 15:27:21: 	8ec3f944-7a41-40d4-8e46-e206eb9f996e GET undefined /employees?firstName=avesh&dfgdfg=sdfsdf
info: 08-08-2023 15:27:45: 	9000f188-9ff7-48eb-b618-944dd5eae350 GET undefined /employees?firstName=avesh&dfgdfg=sdfsdf
info: 08-08-2023 15:27:58: 	30609dd0-5cc3-4999-a092-c8d815d13216 GET undefined /employees?firstName=avesh&lastName=user22
info: 08-08-2023 15:28:03: 	2f9586c1-e124-4415-a174-553f8fdcd727 GET undefined /employees?firstName=avesh&lastName=user
info: 08-08-2023 15:28:10: 	e9fe17a1-05cc-4797-90ca-78bcc356b4e8 GET undefined /employees?firstName=avesh&lastName=sfsd
info: 08-08-2023 15:28:55: 	3a5812a5-31b4-4455-be49-439d91c990c9 GET undefined /employees?firstName=avesh&lastName=
info: 08-08-2023 15:34:03: 	56dcfe47-7c70-437e-8a41-dfc944ac498b GET undefined /employees?firstName=avesh&lastName=
info: 08-08-2023 15:34:06: 	888cc679-edc5-433c-91da-8e86c28b2839 GET undefined /employees?firstName=avesh&lastName=
info: 08-08-2023 15:34:12: 	6322393a-75f8-4ea0-91fa-a2cdd15b6bb8 GET undefined /employees?firstName=&lastName=
info: 08-08-2023 15:34:22: 	1bdff839-f429-4bba-8f10-cf2e2476ff67 GET undefined /employees?firstName=add&lastName=
info: 08-08-2023 15:34:28: 	7e65d7aa-ec23-4834-bb0a-b40f5e23f5ce GET undefined /employees?firstName=&lastName=
info: 08-08-2023 15:35:43: 	43331b40-a14c-43d0-bc00-89d55f693b15 GET undefined /employees?firstName=&kshdfksj=
info: 08-08-2023 15:35:56: 	c389af41-157b-4d3b-8cf5-ff5630886dda GET undefined /employees?firstName=&lastName=user22
info: 08-08-2023 15:36:52: 	4826c2e0-7901-46f0-921f-622f5c42fd98 GET undefined /employees?firstName=&lastName=user22
info: 08-08-2023 15:37:01: 	be0bc220-48a3-4dfd-a7d2-206bd9262350 GET undefined /employees?firstName=&lastName=22
info: 08-08-2023 15:37:06: 	8bda6ba8-5af5-4cdf-b929-60ec3a18f620 GET undefined /employees?firstName=&lastName=user
info: 08-08-2023 15:37:16: 	8fad8968-128d-4aa9-8f08-9f56e4335001 GET undefined /employees?firstName=avesh&lastName=
